<?xml version="1.0" encoding="UTF-8"?>
<!-- Generated by org.testng.reporters.JUnitReportReporter -->
<testsuite skipped="0" hostname="MPINDO02PC561" name="com.apiTest.API.ValidateAPI" tests="2" failures="0" timestamp="04 Sep 2019 06:37:05 GMT" time="11.170" errors="0">
  <testcase name="verifyAPI" time="7.938" classname="com.apiTest.API.ValidateAPI"/>
  <testcase name="verifyAPI" time="3.232" classname="com.apiTest.API.ValidateAPI"/>
</testsuite> <!-- com.apiTest.API.ValidateAPI -->
