<?xml version="1.0" encoding="UTF-8"?>
<!-- Generated by org.testng.reporters.JUnitReportReporter -->
<testsuite skipped="0" hostname="MPINDO02PC561" name="com.apiTest.API.ValidateAPI" tests="2" failures="0" timestamp="01 Sep 2019 12:05:21 GMT" time="49.608" errors="0">
  <testcase name="verifyAPI" time="40.168" classname="com.apiTest.API.ValidateAPI"/>
  <testcase name="verifyAPI" time="9.440" classname="com.apiTest.API.ValidateAPI"/>
</testsuite> <!-- com.apiTest.API.ValidateAPI -->
